NOTE: Picked up JDK_JAVA_OPTIONS:  --add-opens=java.base/java.lang=ALL-UNNAMED --add-opens=java.base/java.io=ALL-UNNAMED --add-opens=java.base/java.util=ALL-UNNAMED --add-opens=java.base/java.util.concurrent=ALL-UNNAMED --add-opens=java.rmi/sun.rmi.transport=ALL-UNNAMED
15-Jun-2023 15:40:59.846 INFO [main] org.apache.catalina.startup.VersionLoggerListener.log 서버 버전 이름:    Apache Tomcat/9.0.76
15-Jun-2023 15:40:59.848 INFO [main] org.apache.catalina.startup.VersionLoggerListener.log Server 빌드 시각:  Jun 5 2023 07:17:04 UTC
15-Jun-2023 15:40:59.849 INFO [main] org.apache.catalina.startup.VersionLoggerListener.log Server 버전 번호:  9.0.76.0
15-Jun-2023 15:40:59.849 INFO [main] org.apache.catalina.startup.VersionLoggerListener.log 운영체제 이름:     Mac OS X
15-Jun-2023 15:40:59.849 INFO [main] org.apache.catalina.startup.VersionLoggerListener.log 운영체제 버전:     10.16
15-Jun-2023 15:40:59.849 INFO [main] org.apache.catalina.startup.VersionLoggerListener.log 아키텍처:          x86_64
15-Jun-2023 15:40:59.849 INFO [main] org.apache.catalina.startup.VersionLoggerListener.log 자바 홈:           /Library/Java/JavaVirtualMachines/jdk-12.0.2.jdk/Contents/Home
15-Jun-2023 15:40:59.849 INFO [main] org.apache.catalina.startup.VersionLoggerListener.log JVM 버전:          12.0.2+10
15-Jun-2023 15:40:59.849 INFO [main] org.apache.catalina.startup.VersionLoggerListener.log JVM 벤더:          Oracle Corporation
15-Jun-2023 15:40:59.849 INFO [main] org.apache.catalina.startup.VersionLoggerListener.log CATALINA_BASE:     /Users/sihyun/Desktop/숭실/2023/apache-tomcat-9.0.76
15-Jun-2023 15:40:59.849 INFO [main] org.apache.catalina.startup.VersionLoggerListener.log CATALINA_HOME:     /Users/sihyun/Desktop/숭실/2023/apache-tomcat-9.0.76
15-Jun-2023 15:40:59.867 INFO [main] org.apache.catalina.startup.VersionLoggerListener.log 명령 행 아규먼트:  --add-opens=java.base/java.lang=ALL-UNNAMED
15-Jun-2023 15:40:59.867 INFO [main] org.apache.catalina.startup.VersionLoggerListener.log 명령 행 아규먼트:  --add-opens=java.base/java.io=ALL-UNNAMED
15-Jun-2023 15:40:59.867 INFO [main] org.apache.catalina.startup.VersionLoggerListener.log 명령 행 아규먼트:  --add-opens=java.base/java.util=ALL-UNNAMED
15-Jun-2023 15:40:59.867 INFO [main] org.apache.catalina.startup.VersionLoggerListener.log 명령 행 아규먼트:  --add-opens=java.base/java.util.concurrent=ALL-UNNAMED
15-Jun-2023 15:40:59.867 INFO [main] org.apache.catalina.startup.VersionLoggerListener.log 명령 행 아규먼트:  --add-opens=java.rmi/sun.rmi.transport=ALL-UNNAMED
15-Jun-2023 15:40:59.867 INFO [main] org.apache.catalina.startup.VersionLoggerListener.log 명령 행 아규먼트:  -Djava.util.logging.config.file=/Users/sihyun/Desktop/숭실/2023/apache-tomcat-9.0.76/conf/logging.properties
15-Jun-2023 15:40:59.867 INFO [main] org.apache.catalina.startup.VersionLoggerListener.log 명령 행 아규먼트:  -Djava.util.logging.manager=org.apache.juli.ClassLoaderLogManager
15-Jun-2023 15:40:59.868 INFO [main] org.apache.catalina.startup.VersionLoggerListener.log 명령 행 아규먼트:  -Djdk.tls.ephemeralDHKeySize=2048
15-Jun-2023 15:40:59.868 INFO [main] org.apache.catalina.startup.VersionLoggerListener.log 명령 행 아규먼트:  -Djava.protocol.handler.pkgs=org.apache.catalina.webresources
15-Jun-2023 15:40:59.868 INFO [main] org.apache.catalina.startup.VersionLoggerListener.log 명령 행 아규먼트:  -Dorg.apache.catalina.security.SecurityListener.UMASK=0027
15-Jun-2023 15:40:59.868 INFO [main] org.apache.catalina.startup.VersionLoggerListener.log 명령 행 아규먼트:  -Dignore.endorsed.dirs=
15-Jun-2023 15:40:59.868 INFO [main] org.apache.catalina.startup.VersionLoggerListener.log 명령 행 아규먼트:  -Dcatalina.base=/Users/sihyun/Desktop/숭실/2023/apache-tomcat-9.0.76
15-Jun-2023 15:40:59.868 INFO [main] org.apache.catalina.startup.VersionLoggerListener.log 명령 행 아규먼트:  -Dcatalina.home=/Users/sihyun/Desktop/숭실/2023/apache-tomcat-9.0.76
15-Jun-2023 15:40:59.868 INFO [main] org.apache.catalina.startup.VersionLoggerListener.log 명령 행 아규먼트:  -Djava.io.tmpdir=/Users/sihyun/Desktop/숭실/2023/apache-tomcat-9.0.76/temp
15-Jun-2023 15:40:59.871 INFO [main] org.apache.catalina.core.AprLifecycleListener.lifecycleEvent 프로덕션 환경들에서 최적의 성능을 제공하는, APR 기반 Apache Tomcat Native 라이브러리가, 다음 java.library.path에서 발견되지 않습니다: [/Users/sihyun/Library/Java/Extensions:/Library/Java/Extensions:/Network/Library/Java/Extensions:/System/Library/Java/Extensions:/usr/lib/java:.]
15-Jun-2023 15:41:00.115 INFO [main] org.apache.coyote.AbstractProtocol.init 프로토콜 핸들러 ["http-nio-8080"]을(를) 초기화합니다.
15-Jun-2023 15:41:00.144 INFO [main] org.apache.catalina.startup.Catalina.load [523] 밀리초 내에 서버가 초기화되었습니다.
15-Jun-2023 15:41:00.188 INFO [main] org.apache.catalina.core.StandardService.startInternal 서비스 [Catalina]을(를) 시작합니다.
15-Jun-2023 15:41:00.188 INFO [main] org.apache.catalina.core.StandardEngine.startInternal 서버 엔진을 시작합니다: [Apache Tomcat/9.0.76]
15-Jun-2023 15:41:00.198 INFO [main] org.apache.catalina.startup.HostConfig.deployDirectory 웹 애플리케이션 디렉토리 [/Users/sihyun/Desktop/숭실/2023/apache-tomcat-9.0.76/webapps/docs]을(를) 배치합니다.
15-Jun-2023 15:41:00.482 INFO [main] org.apache.catalina.startup.HostConfig.deployDirectory 웹 애플리케이션 디렉토리 [/Users/sihyun/Desktop/숭실/2023/apache-tomcat-9.0.76/webapps/docs]에 대한 배치가 [282] 밀리초에 완료되었습니다.
15-Jun-2023 15:41:00.482 INFO [main] org.apache.catalina.startup.HostConfig.deployDirectory 웹 애플리케이션 디렉토리 [/Users/sihyun/Desktop/숭실/2023/apache-tomcat-9.0.76/webapps/manager]을(를) 배치합니다.
15-Jun-2023 15:41:00.518 INFO [main] org.apache.catalina.startup.HostConfig.deployDirectory 웹 애플리케이션 디렉토리 [/Users/sihyun/Desktop/숭실/2023/apache-tomcat-9.0.76/webapps/manager]에 대한 배치가 [36] 밀리초에 완료되었습니다.
15-Jun-2023 15:41:00.519 INFO [main] org.apache.catalina.startup.HostConfig.deployDirectory 웹 애플리케이션 디렉토리 [/Users/sihyun/Desktop/숭실/2023/apache-tomcat-9.0.76/webapps/examples]을(를) 배치합니다.
15-Jun-2023 15:41:00.800 INFO [main] org.apache.catalina.startup.HostConfig.deployDirectory 웹 애플리케이션 디렉토리 [/Users/sihyun/Desktop/숭실/2023/apache-tomcat-9.0.76/webapps/examples]에 대한 배치가 [282] 밀리초에 완료되었습니다.
15-Jun-2023 15:41:00.800 INFO [main] org.apache.catalina.startup.HostConfig.deployDirectory 웹 애플리케이션 디렉토리 [/Users/sihyun/Desktop/숭실/2023/apache-tomcat-9.0.76/webapps/ROOT]을(를) 배치합니다.
15-Jun-2023 15:41:00.820 INFO [main] org.apache.catalina.startup.HostConfig.deployDirectory 웹 애플리케이션 디렉토리 [/Users/sihyun/Desktop/숭실/2023/apache-tomcat-9.0.76/webapps/ROOT]에 대한 배치가 [19] 밀리초에 완료되었습니다.
15-Jun-2023 15:41:00.820 INFO [main] org.apache.catalina.startup.HostConfig.deployDirectory 웹 애플리케이션 디렉토리 [/Users/sihyun/Desktop/숭실/2023/apache-tomcat-9.0.76/webapps/host-manager]을(를) 배치합니다.
15-Jun-2023 15:41:00.845 INFO [main] org.apache.catalina.startup.HostConfig.deployDirectory 웹 애플리케이션 디렉토리 [/Users/sihyun/Desktop/숭실/2023/apache-tomcat-9.0.76/webapps/host-manager]에 대한 배치가 [25] 밀리초에 완료되었습니다.
15-Jun-2023 15:41:00.849 INFO [main] org.apache.coyote.AbstractProtocol.start 프로토콜 핸들러 ["http-nio-8080"]을(를) 시작합니다.
15-Jun-2023 15:41:00.862 INFO [main] org.apache.catalina.startup.Catalina.start 서버가 [717] 밀리초 내에 시작되었습니다.
15-Jun-2023 15:51:57.831 INFO [main] org.apache.catalina.core.StandardServer.await 셧다운 포트를 통해 유효한 셧다운 명령을 받았습니다. 서버 인스턴스를 중지시킵니다.
15-Jun-2023 15:51:57.832 INFO [main] org.apache.coyote.AbstractProtocol.pause 프로토콜 핸들러 ["http-nio-8080"]을(를) 일시 정지 중
15-Jun-2023 15:51:57.835 INFO [main] org.apache.catalina.core.StandardService.stopInternal 서비스 [Catalina]을(를) 중지시킵니다.
15-Jun-2023 15:51:57.855 INFO [main] org.apache.coyote.AbstractProtocol.stop 프로토콜 핸들러 ["http-nio-8080"]을(를) 중지시킵니다.
15-Jun-2023 15:51:57.861 INFO [main] org.apache.coyote.AbstractProtocol.destroy 프로토콜 핸들러 ["http-nio-8080"]을(를) 소멸시킵니다.
